<?xml version="1.0" encoding="UTF-8"?>
<testng-results ignored="0" total="2" passed="2" failed="0" skipped="0">
  <reporter-output>
  </reporter-output>
  <suite started-at="2022-05-24T16:03:24 CDT" name="Default suite" finished-at="2022-05-24T16:03:27 CDT" duration-ms="2786">
    <groups>
    </groups>
    <test started-at="2022-05-24T16:03:24 CDT" name="Default test" finished-at="2022-05-24T16:03:27 CDT" duration-ms="2786">
      <class name="formnJson.formjson">
        <test-method is-config="true" signature="launchurl()[pri:0, instance:formnJson.formjson@710c2b53]" started-at="2022-05-24T16:03:24 CDT" name="launchurl" finished-at="2022-05-24T16:03:26 CDT" duration-ms="2034" status="PASS">
          <reporter-output>
          </reporter-output>
        </test-method> <!-- launchurl -->
        <test-method signature="formfilling()[pri:0, instance:formnJson.formjson@710c2b53]" started-at="2022-05-24T16:03:26 CDT" name="formfilling" finished-at="2022-05-24T16:03:27 CDT" duration-ms="564" status="PASS">
          <reporter-output>
          </reporter-output>
        </test-method> <!-- formfilling -->
        <test-method signature="clicksubmit()[pri:1, instance:formnJson.formjson@710c2b53]" started-at="2022-05-24T16:03:27 CDT" name="clicksubmit" finished-at="2022-05-24T16:03:27 CDT" duration-ms="132" status="PASS">
          <reporter-output>
          </reporter-output>
        </test-method> <!-- clicksubmit -->
      </class> <!-- formnJson.formjson -->
    </test> <!-- Default test -->
  </suite> <!-- Default suite -->
</testng-results>
